Flow report for top_hps_sensor_memory_HIL
Sat Apr 02 16:45:08 2022
Quartus Prime Version 18.1.0 Build 625 09/12/2018 SJ Standard Edition


---------------------
; Table of Contents ;
---------------------
  1. Legal Notice
  2. Flow Summary
  3. Flow Settings
  4. Flow Non-Default Global Settings
  5. Flow Elapsed Time
  6. Flow OS Summary
  7. Flow Log
  8. Flow Messages
  9. Flow Suppressed Messages



----------------
; Legal Notice ;
----------------
Copyright (C) 2018  Intel Corporation. All rights reserved.
Your use of Intel Corporation's design tools, logic functions 
and other software and tools, and its AMPP partner logic 
functions, and any output files from any of the foregoing 
(including device programming or simulation files), and any 
associated documentation or information are expressly subject 
to the terms and conditions of the Intel Program License 
Subscription Agreement, the Intel Quartus Prime License Agreement,
the Intel FPGA IP License Agreement, or other applicable license
agreement, including, without limitation, that your use is for
the sole purpose of programming logic devices manufactured by
Intel and sold by Intel or its authorized distributors.  Please
refer to the applicable agreement for further details.



+-----------------------------------------------------------------------------------+
; Flow Summary                                                                      ;
+---------------------------------+-------------------------------------------------+
; Flow Status                     ; Successful - Sat Apr 02 16:44:23 2022           ;
; Quartus Prime Version           ; 18.1.0 Build 625 09/12/2018 SJ Standard Edition ;
; Revision Name                   ; top_hps_sensor_memory_HIL                       ;
; Top-level Entity Name           ; top_hps_sensor_memory                           ;
; Family                          ; Cyclone V                                       ;
; Device                          ; 5CSEBA6U23I7                                    ;
; Timing Models                   ; Final                                           ;
; Logic utilization (in ALMs)     ; 1,564 / 41,910 ( 4 % )                          ;
; Total registers                 ; 2217                                            ;
; Total pins                      ; 150 / 314 ( 48 % )                              ;
; Total virtual pins              ; 0                                               ;
; Total block memory bits         ; 42,000 / 5,662,720 ( < 1 % )                    ;
; Total DSP Blocks                ; 0 / 112 ( 0 % )                                 ;
; Total HSSI RX PCSs              ; 0                                               ;
; Total HSSI PMA RX Deserializers ; 0                                               ;
; Total HSSI TX PCSs              ; 0                                               ;
; Total HSSI PMA TX Serializers   ; 0                                               ;
; Total PLLs                      ; 1 / 6 ( 17 % )                                  ;
; Total DLLs                      ; 1 / 4 ( 25 % )                                  ;
+---------------------------------+-------------------------------------------------+


+-----------------------------------------------+
; Flow Settings                                 ;
+-------------------+---------------------------+
; Option            ; Setting                   ;
+-------------------+---------------------------+
; Start date & time ; 04/02/2022 16:39:03       ;
; Main task         ; Compilation               ;
; Revision Name     ; top_hps_sensor_memory_HIL ;
+-------------------+---------------------------+


+----------------------------------------------------------------------------------------------------------------------------------------------------------------------------------------+
; Flow Non-Default Global Settings                                                                                                                                                       ;
+--------------------------------------------+-------------------------------------------------------------------+---------------------------+------------------------------+------------+
; Assignment Name                            ; Value                                                             ; Default Value             ; Entity Name                  ; Section Id ;
+--------------------------------------------+-------------------------------------------------------------------+---------------------------+------------------------------+------------+
; COMPILER_SIGNATURE_ID                      ; 39908808723928.164893553818296                                    ; --                        ; --                           ; --         ;
; ECO_REGENERATE_REPORT                      ; On                                                                ; Off                       ; --                           ; --         ;
; FITTER_EFFORT                              ; Fast Fit                                                          ; Auto Fit                  ; --                           ; --         ;
; HPS_ISW_FILE                               ; cpu/synthesis/submodules/sequencer/alt_types.pre.h                ; --                        ; cpu_hps_0_hps_io_border      ; --         ;
; HPS_ISW_FILE                               ; cpu/synthesis/submodules/sequencer/emif.pre.xml                   ; --                        ; cpu_hps_0_hps_io_border      ; --         ;
; HPS_ISW_FILE                               ; cpu/synthesis/submodules/sequencer/sdram_io.pre.h                 ; --                        ; cpu_hps_0_hps_io_border      ; --         ;
; HPS_ISW_FILE                               ; cpu/synthesis/submodules/sequencer/sequencer.pre.c                ; --                        ; cpu_hps_0_hps_io_border      ; --         ;
; HPS_ISW_FILE                               ; cpu/synthesis/submodules/sequencer/sequencer.pre.h                ; --                        ; cpu_hps_0_hps_io_border      ; --         ;
; HPS_ISW_FILE                               ; cpu/synthesis/submodules/sequencer/sequencer_auto.pre.h           ; --                        ; cpu_hps_0_hps_io_border      ; --         ;
; HPS_ISW_FILE                               ; cpu/synthesis/submodules/sequencer/sequencer_auto_ac_init.pre.c   ; --                        ; cpu_hps_0_hps_io_border      ; --         ;
; HPS_ISW_FILE                               ; cpu/synthesis/submodules/sequencer/sequencer_auto_inst_init.pre.c ; --                        ; cpu_hps_0_hps_io_border      ; --         ;
; HPS_ISW_FILE                               ; cpu/synthesis/submodules/sequencer/sequencer_defines.pre.h        ; --                        ; cpu_hps_0_hps_io_border      ; --         ;
; HPS_ISW_FILE                               ; cpu/synthesis/submodules/sequencer/system.pre.h                   ; --                        ; cpu_hps_0_hps_io_border      ; --         ;
; HPS_ISW_FILE                               ; cpu/synthesis/submodules/sequencer/tclrpt.pre.c                   ; --                        ; cpu_hps_0_hps_io_border      ; --         ;
; HPS_ISW_FILE                               ; cpu/synthesis/submodules/sequencer/tclrpt.pre.h                   ; --                        ; cpu_hps_0_hps_io_border      ; --         ;
; HPS_ISW_FILE                               ; cpu/synthesis/submodules/hps.pre.xml                              ; --                        ; cpu_hps_0_hps_io_border      ; --         ;
; HPS_PARTITION                              ; On                                                                ; --                        ; cpu_hps_0_hps_io_border      ; --         ;
; MAX_CORE_JUNCTION_TEMP                     ; 100                                                               ; --                        ; --                           ; --         ;
; MIN_CORE_JUNCTION_TEMP                     ; -40                                                               ; --                        ; --                           ; --         ;
; MISC_FILE                                  ; hdl/alt_dspbuilder_rom_GNK7TUJIQA.hex                             ; --                        ; --                           ; --         ;
; MISC_FILE                                  ; hdl/alt_dspbuilder_rom_GNLZO3EIT7.hex                             ; --                        ; --                           ; --         ;
; MISC_FILE                                  ; hdl/alt_dspbuilder_rom_GNOXA7UMVD.hex                             ; --                        ; --                           ; --         ;
; MISC_FILE                                  ; cpu/synthesis/../cpu.cmp                                          ; --                        ; --                           ; --         ;
; MISC_FILE                                  ; cpu/synthesis/../../D                                             ; --                        ; --                           ; --         ;
; MISC_FILE                                  ; cpu/synthesis/cpu_hps_0_hps.svd                                   ; --                        ; --                           ; --         ;
; MISC_FILE                                  ; cpu/synthesis/../../cpu.qsys                                      ; --                        ; --                           ; --         ;
; MISC_FILE                                  ; cpu/synthesis/submodules/sequencer/alt_types.pre.h                ; --                        ; --                           ; --         ;
; MISC_FILE                                  ; cpu/synthesis/submodules/sequencer/emif.pre.xml                   ; --                        ; --                           ; --         ;
; MISC_FILE                                  ; cpu/synthesis/submodules/sequencer/sdram_io.pre.h                 ; --                        ; --                           ; --         ;
; MISC_FILE                                  ; cpu/synthesis/submodules/sequencer/sequencer.pre.c                ; --                        ; --                           ; --         ;
; MISC_FILE                                  ; cpu/synthesis/submodules/sequencer/sequencer.pre.h                ; --                        ; --                           ; --         ;
; MISC_FILE                                  ; cpu/synthesis/submodules/sequencer/sequencer_auto.pre.h           ; --                        ; --                           ; --         ;
; MISC_FILE                                  ; cpu/synthesis/submodules/sequencer/sequencer_auto_ac_init.pre.c   ; --                        ; --                           ; --         ;
; MISC_FILE                                  ; cpu/synthesis/submodules/sequencer/sequencer_auto_inst_init.pre.c ; --                        ; --                           ; --         ;
; MISC_FILE                                  ; cpu/synthesis/submodules/sequencer/sequencer_defines.pre.h        ; --                        ; --                           ; --         ;
; MISC_FILE                                  ; cpu/synthesis/submodules/sequencer/system.pre.h                   ; --                        ; --                           ; --         ;
; MISC_FILE                                  ; cpu/synthesis/submodules/sequencer/tclrpt.pre.c                   ; --                        ; --                           ; --         ;
; MISC_FILE                                  ; cpu/synthesis/submodules/sequencer/tclrpt.pre.h                   ; --                        ; --                           ; --         ;
; MISC_FILE                                  ; cpu/synthesis/submodules/hps.pre.xml                              ; --                        ; --                           ; --         ;
; OPTIMIZE_HOLD_TIMING                       ; Off                                                               ; All Paths                 ; --                           ; --         ;
; OPTIMIZE_IOC_REGISTER_PLACEMENT_FOR_TIMING ; Off                                                               ; Normal                    ; --                           ; --         ;
; OPTIMIZE_TIMING                            ; Off                                                               ; Normal compilation        ; --                           ; --         ;
; OUTPUT_IO_TIMING_FAR_END_VMEAS             ; Half Signal Swing                                                 ; --                        ; --                           ; --         ;
; OUTPUT_IO_TIMING_FAR_END_VMEAS             ; Half Signal Swing                                                 ; --                        ; --                           ; --         ;
; OUTPUT_IO_TIMING_NEAR_END_VMEAS            ; Half Vccio                                                        ; --                        ; --                           ; --         ;
; OUTPUT_IO_TIMING_NEAR_END_VMEAS            ; Half Vccio                                                        ; --                        ; --                           ; --         ;
; PARTITION_COLOR                            ; -- (Not supported for targeted family)                            ; --                        ; top                          ; Top        ;
; PARTITION_COLOR                            ; -- (Not supported for targeted family)                            ; --                        ; top_hps                      ; Top        ;
; PARTITION_COLOR                            ; -- (Not supported for targeted family)                            ; --                        ; top_hps_nios_memory          ; Top        ;
; PARTITION_COLOR                            ; -- (Not supported for targeted family)                            ; --                        ; top_hps_sensor_memory        ; Top        ;
; PARTITION_COLOR                            ; -- (Not supported for targeted family)                            ; --                        ; top_nios_memory_hps_resource ; Top        ;
; PARTITION_FITTER_PRESERVATION_LEVEL        ; -- (Not supported for targeted family)                            ; --                        ; top                          ; Top        ;
; PARTITION_FITTER_PRESERVATION_LEVEL        ; -- (Not supported for targeted family)                            ; --                        ; top_hps                      ; Top        ;
; PARTITION_FITTER_PRESERVATION_LEVEL        ; -- (Not supported for targeted family)                            ; --                        ; top_hps_nios_memory          ; Top        ;
; PARTITION_FITTER_PRESERVATION_LEVEL        ; -- (Not supported for targeted family)                            ; --                        ; top_hps_sensor_memory        ; Top        ;
; PARTITION_FITTER_PRESERVATION_LEVEL        ; -- (Not supported for targeted family)                            ; --                        ; top_nios_memory_hps_resource ; Top        ;
; PARTITION_NETLIST_TYPE                     ; -- (Not supported for targeted family)                            ; --                        ; top                          ; Top        ;
; PARTITION_NETLIST_TYPE                     ; -- (Not supported for targeted family)                            ; --                        ; top_hps                      ; Top        ;
; PARTITION_NETLIST_TYPE                     ; -- (Not supported for targeted family)                            ; --                        ; top_hps_nios_memory          ; Top        ;
; PARTITION_NETLIST_TYPE                     ; -- (Not supported for targeted family)                            ; --                        ; top_hps_sensor_memory        ; Top        ;
; PARTITION_NETLIST_TYPE                     ; -- (Not supported for targeted family)                            ; --                        ; top_nios_memory_hps_resource ; Top        ;
; POWER_BOARD_THERMAL_MODEL                  ; None (CONSERVATIVE)                                               ; --                        ; --                           ; --         ;
; POWER_PRESET_COOLING_SOLUTION              ; 23 MM HEAT SINK WITH 200 LFPM AIRFLOW                             ; --                        ; --                           ; --         ;
; PROJECT_OUTPUT_DIRECTORY                   ; output_files                                                      ; --                        ; --                           ; --         ;
; SLD_FILE                                   ; cpu/synthesis/cpu.regmap                                          ; --                        ; --                           ; --         ;
; SLD_FILE                                   ; cpu/synthesis/cpu.debuginfo                                       ; --                        ; --                           ; --         ;
; SLD_INFO                                   ; QSYS_NAME cpu HAS_SOPCINFO 1 GENERATION_ID 1647576589             ; --                        ; cpu                          ; --         ;
; SOPCINFO_FILE                              ; cpu/synthesis/../../cpu.sopcinfo                                  ; --                        ; --                           ; --         ;
; SYNTHESIS_ONLY_QIP                         ; On                                                                ; --                        ; --                           ; --         ;
; TOP_LEVEL_ENTITY                           ; top_hps_sensor_memory                                             ; top_hps_sensor_memory_HIL ; --                           ; --         ;
; USE_DLL_FREQUENCY_FOR_DQS_DELAY_CHAIN      ; On                                                                ; Off                       ; --                           ; --         ;
+--------------------------------------------+-------------------------------------------------------------------+---------------------------+------------------------------+------------+


+--------------------------------------------------------------------------------------------------------------------------+
; Flow Elapsed Time                                                                                                        ;
+----------------------+--------------+-------------------------+---------------------+------------------------------------+
; Module Name          ; Elapsed Time ; Average Processors Used ; Peak Virtual Memory ; Total CPU Time (on all processors) ;
+----------------------+--------------+-------------------------+---------------------+------------------------------------+
; Analysis & Synthesis ; 00:00:34     ; 1.0                     ; 5277 MB             ; 00:00:42                           ;
; Fitter               ; 00:01:32     ; 1.0                     ; 7278 MB             ; 00:06:08                           ;
; Assembler            ; 00:00:12     ; 1.0                     ; 4897 MB             ; 00:00:12                           ;
; Timing Analyzer      ; 00:00:44     ; 1.7                     ; 6075 MB             ; 00:01:00                           ;
; Total                ; 00:03:02     ; --                      ; --                  ; 00:08:02                           ;
+----------------------+--------------+-------------------------+---------------------+------------------------------------+


+------------------------------------------------------------------------------------+
; Flow OS Summary                                                                    ;
+----------------------+------------------+------------+------------+----------------+
; Module Name          ; Machine Hostname ; OS Name    ; OS Version ; Processor type ;
+----------------------+------------------+------------+------------+----------------+
; Analysis & Synthesis ; DESKTOP-AQJPMCS  ; Windows 10 ; 10.0       ; x86_64         ;
; Fitter               ; DESKTOP-AQJPMCS  ; Windows 10 ; 10.0       ; x86_64         ;
; Assembler            ; DESKTOP-AQJPMCS  ; Windows 10 ; 10.0       ; x86_64         ;
; Timing Analyzer      ; DESKTOP-AQJPMCS  ; Windows 10 ; 10.0       ; x86_64         ;
+----------------------+------------------+------------+------------+----------------+


------------
; Flow Log ;
------------
quartus_map --read_settings_files=on --write_settings_files=off top_hps_sensor_memory -c top_hps_sensor_memory_HIL
quartus_fit --read_settings_files=off --write_settings_files=off top_hps_sensor_memory -c top_hps_sensor_memory_HIL
quartus_asm --read_settings_files=off --write_settings_files=off top_hps_sensor_memory -c top_hps_sensor_memory_HIL
quartus_sta top_hps_sensor_memory -c top_hps_sensor_memory_HIL



